<?xml version="1.0" encoding="UTF-8"?>
<!-- Generated by org.testng.reporters.JUnitReportReporter -->
<testsuite hostname="Latitude3590" failures="0" tests="4" name="rahulshettyacademy.groceries.app.GroceriesApp" time="29.046" errors="0" timestamp="2024-08-05T14:25:31 IST" skipped="0">
  <testcase classname="rahulshettyacademy.groceries.app.GroceriesApp" name="orderPlaced" time="9.398"/>
  <testcase classname="rahulshettyacademy.groceries.app.GroceriesApp" name="orderPlaced" time="8.751"/>
  <testcase classname="rahulshettyacademy.groceries.app.GroceriesApp" name="isProductOrdered" time="4.809"/>
  <testcase classname="rahulshettyacademy.groceries.app.GroceriesApp" name="isProductOrdered" time="6.088"/>
</testsuite> <!-- rahulshettyacademy.groceries.app.GroceriesApp -->
