<?xml version="1.0" encoding="UTF-8"?>
<!-- Generated by org.testng.reporters.JUnitReportReporter -->
<testsuite hostname="Latitude3590" failures="0" tests="1"
	name="test.Day2" time="0.001" errors="0"
	timestamp="2024-07-13T14:18:29 IST" skipped="0">
	<testcase classname="test.Day2" name="printBye" time="0.001" />
</testsuite> <!-- test.Day2 -->
