<?xml version="1.0" encoding="UTF-8"?>
<!-- Generated by org.testng.reporters.JUnitReportReporter -->
<testsuite hostname="Latitude3590" failures="0" tests="2"
	name="rahulshettyacademy.groceries.app.ErrorValidations" time="9.106"
	errors="0" timestamp="2024-08-01T13:38:56 IST" skipped="0">
	<testcase
		classname="rahulshettyacademy.groceries.app.ErrorValidations"
		name="loginErrorValidation" time="3.379" />
	<testcase
		classname="rahulshettyacademy.groceries.app.ErrorValidations"
		name="productAddedToCartValidation" time="5.727" />
</testsuite> <!-- rahulshettyacademy.groceries.app.ErrorValidations -->
