<?xml version="1.0" encoding="UTF-8"?>
<!-- Generated by org.testng.reporters.JUnitReportReporter -->
<testsuite hostname="Latitude3590" failures="0" tests="1"
	name="rahulshettyacademy.groceries.app.ExtentReport" time="4.645"
	errors="0" timestamp="2024-07-30T13:38:55 IST" skipped="0">
	<testcase
		classname="rahulshettyacademy.groceries.app.ExtentReport"
		name="initialDemo" time="4.645" />
</testsuite> <!-- rahulshettyacademy.groceries.app.ExtentReport -->
