<?xml version="1.0" encoding="UTF-8"?>
<!-- Generated by org.testng.reporters.JUnitReportReporter -->
<testsuite hostname="Latitude3590" failures="0" tests="5"
	name="test.Day4" time="0.010" errors="0"
	timestamp="2024-07-13T14:18:29 IST" skipped="0">
	<testcase classname="test.Day4" name="RestAPILoginHomeLoan"
		time="0.001" />
	<testcase classname="test.Day4" name="WebLoginHomeLoan"
		time="0.002" />
	<testcase classname="test.Day4" name="MobileLoginHomeLoan"
		time="0.004" />
	<testcase classname="test.Day4" name="RestAPILoginHomeLoan"
		time="0.002" />
	<testcase classname="test.Day4" name="RestAPILoginHomeLoan"
		time="0.001" />
</testsuite> <!-- test.Day4 -->
