<?xml version="1.0" encoding="UTF-8"?>
<!-- Generated by org.testng.reporters.JUnitReportReporter -->
<testsuite hostname="Latitude3590" failures="0" tests="1"
	name="test1.PS1" time="0.017" errors="0"
	timestamp="2024-07-14T21:32:42 IST" skipped="0">
	<testcase classname="test1.PS1" name="alto" time="0.017" />
</testsuite> <!-- test1.PS1 -->
