<?xml version="1.0" encoding="UTF-8"?>
<!-- Generated by org.testng.reporters.JUnitReportReporter -->
<testsuite hostname="Latitude3590" failures="0" tests="1"
	name="org.udemy.com.rahulshettycourse.Test1" time="0.016" errors="0"
	timestamp="2024-07-15T13:29:16 IST" skipped="0">
	<testcase classname="org.udemy.com.rahulshettycourse.Test1"
		name="streamTest" time="0.016" />
</testsuite> <!-- org.udemy.com.rahulshettycourse.Test1 -->
