<?xml version="1.0" encoding="UTF-8"?>
<!-- Generated by org.testng.reporters.JUnitReportReporter -->
<testsuite hostname="Latitude3590" failures="0" tests="2" name="rahulshettyacademy.groceries.app.ErrorValidations" time="13.293" errors="0" timestamp="2024-08-05T20:49:28 IST" skipped="0">
  <testcase classname="rahulshettyacademy.groceries.app.ErrorValidations" name="productAddedToCartValidation" time="9.845"/>
  <testcase classname="rahulshettyacademy.groceries.app.ErrorValidations" name="loginErrorValidation" time="3.448"/>
</testsuite> <!-- rahulshettyacademy.groceries.app.ErrorValidations -->
