<?xml version="1.0" encoding="UTF-8"?>
<!-- Generated by org.testng.reporters.JUnitReportReporter -->
<testsuite hostname="Latitude3590" failures="0" tests="4" name="rahulshettyacademy.groceries.app.GroceriesApp" time="32.186" errors="0" timestamp="2024-08-05T20:49:28 IST" skipped="0">
  <testcase classname="rahulshettyacademy.groceries.app.GroceriesApp" name="isProductOrdered" time="6.970"/>
  <testcase classname="rahulshettyacademy.groceries.app.GroceriesApp" name="orderPlaced" time="8.902"/>
  <testcase classname="rahulshettyacademy.groceries.app.GroceriesApp" name="isProductOrdered" time="10.307"/>
  <testcase classname="rahulshettyacademy.groceries.app.GroceriesApp" name="orderPlaced" time="6.007"/>
</testsuite> <!-- rahulshettyacademy.groceries.app.GroceriesApp -->
