<?xml version="1.0" encoding="UTF-8"?>
<!-- Generated by org.testng.reporters.JUnitReportReporter -->
<testsuite hostname="Latitude3590" failures="0" tests="1" name="rahulshettyacademy.groceries.app.ExtentReportDemo" time="6.465" errors="0" timestamp="2024-08-05T20:49:28 IST" skipped="0">
  <testcase classname="rahulshettyacademy.groceries.app.ExtentReportDemo" name="initialDemo" time="6.465"/>
</testsuite> <!-- rahulshettyacademy.groceries.app.ExtentReportDemo -->
